16-Feb-2020 12:33:50.542 INFO [main] org.apache.catalina.startup.VersionLoggerListener.log Server version:        Apache Tomcat/9.0.5
16-Feb-2020 12:33:50.545 INFO [main] org.apache.catalina.startup.VersionLoggerListener.log Server built:          Feb 6 2018 21:42:23 UTC
16-Feb-2020 12:33:50.545 INFO [main] org.apache.catalina.startup.VersionLoggerListener.log Server number:         9.0.5.0
16-Feb-2020 12:33:50.545 INFO [main] org.apache.catalina.startup.VersionLoggerListener.log OS Name:               Linux
16-Feb-2020 12:33:50.546 INFO [main] org.apache.catalina.startup.VersionLoggerListener.log OS Version:            5.3.0-28-generic
16-Feb-2020 12:33:50.546 INFO [main] org.apache.catalina.startup.VersionLoggerListener.log Architecture:          amd64
16-Feb-2020 12:33:50.546 INFO [main] org.apache.catalina.startup.VersionLoggerListener.log Java Home:             /usr/lib/jvm/java-11-openjdk-amd64
16-Feb-2020 12:33:50.546 INFO [main] org.apache.catalina.startup.VersionLoggerListener.log JVM Version:           11.0.6+10-post-Ubuntu-1ubuntu118.04.1
16-Feb-2020 12:33:50.546 INFO [main] org.apache.catalina.startup.VersionLoggerListener.log JVM Vendor:            Ubuntu
16-Feb-2020 12:33:50.546 INFO [main] org.apache.catalina.startup.VersionLoggerListener.log CATALINA_BASE:         /pti/apache-tomcat-9.0.5
16-Feb-2020 12:33:50.546 INFO [main] org.apache.catalina.startup.VersionLoggerListener.log CATALINA_HOME:         /pti/apache-tomcat-9.0.5
16-Feb-2020 12:33:50.548 INFO [main] org.apache.catalina.startup.VersionLoggerListener.log Command line argument: --add-opens=java.base/java.lang=ALL-UNNAMED
16-Feb-2020 12:33:50.548 INFO [main] org.apache.catalina.startup.VersionLoggerListener.log Command line argument: --add-opens=java.rmi/sun.rmi.transport=ALL-UNNAMED
16-Feb-2020 12:33:50.548 INFO [main] org.apache.catalina.startup.VersionLoggerListener.log Command line argument: -Djava.util.logging.config.file=/pti/apache-tomcat-9.0.5/conf/logging.properties
16-Feb-2020 12:33:50.548 INFO [main] org.apache.catalina.startup.VersionLoggerListener.log Command line argument: -Djava.util.logging.manager=org.apache.juli.ClassLoaderLogManager
16-Feb-2020 12:33:50.549 INFO [main] org.apache.catalina.startup.VersionLoggerListener.log Command line argument: -Djdk.tls.ephemeralDHKeySize=2048
16-Feb-2020 12:33:50.549 INFO [main] org.apache.catalina.startup.VersionLoggerListener.log Command line argument: -Djava.protocol.handler.pkgs=org.apache.catalina.webresources
16-Feb-2020 12:33:50.549 INFO [main] org.apache.catalina.startup.VersionLoggerListener.log Command line argument: -Dignore.endorsed.dirs=
16-Feb-2020 12:33:50.549 INFO [main] org.apache.catalina.startup.VersionLoggerListener.log Command line argument: -Dcatalina.base=/pti/apache-tomcat-9.0.5
16-Feb-2020 12:33:50.549 INFO [main] org.apache.catalina.startup.VersionLoggerListener.log Command line argument: -Dcatalina.home=/pti/apache-tomcat-9.0.5
16-Feb-2020 12:33:50.549 INFO [main] org.apache.catalina.startup.VersionLoggerListener.log Command line argument: -Djava.io.tmpdir=/pti/apache-tomcat-9.0.5/temp
16-Feb-2020 12:33:50.549 INFO [main] org.apache.catalina.core.AprLifecycleListener.lifecycleEvent The APR based Apache Tomcat Native library which allows optimal performance in production environments was not found on the java.library.path: [/usr/java/packages/lib:/usr/lib/x86_64-linux-gnu/jni:/lib/x86_64-linux-gnu:/usr/lib/x86_64-linux-gnu:/usr/lib/jni:/lib:/usr/lib]
16-Feb-2020 12:33:50.583 INFO [main] org.apache.coyote.AbstractProtocol.init Initializing ProtocolHandler ["http-nio-8080"]
16-Feb-2020 12:33:50.604 INFO [main] org.apache.tomcat.util.net.NioSelectorPool.getSharedSelector Using a shared selector for servlet write/read
16-Feb-2020 12:33:50.611 INFO [main] org.apache.coyote.AbstractProtocol.init Initializing ProtocolHandler ["ajp-nio-8009"]
16-Feb-2020 12:33:50.612 INFO [main] org.apache.tomcat.util.net.NioSelectorPool.getSharedSelector Using a shared selector for servlet write/read
16-Feb-2020 12:33:50.622 INFO [main] org.apache.catalina.startup.Catalina.load Initialization processed in 550 ms
16-Feb-2020 12:33:50.666 INFO [main] org.apache.catalina.core.StandardService.startInternal Starting service [Catalina]
16-Feb-2020 12:33:50.666 INFO [main] org.apache.catalina.core.StandardEngine.startInternal Starting Servlet Engine: Apache Tomcat/9.0.5
16-Feb-2020 12:33:50.674 INFO [main] org.apache.catalina.startup.HostConfig.deployDirectory Deploying web application directory [/pti/apache-tomcat-9.0.5/webapps/ROOT]
16-Feb-2020 12:33:50.992 INFO [main] org.apache.catalina.startup.HostConfig.deployDirectory Deployment of web application directory [/pti/apache-tomcat-9.0.5/webapps/ROOT] has finished in [318] ms
16-Feb-2020 12:33:50.993 INFO [main] org.apache.catalina.startup.HostConfig.deployDirectory Deploying web application directory [/pti/apache-tomcat-9.0.5/webapps/docs]
16-Feb-2020 12:33:51.007 INFO [main] org.apache.catalina.startup.HostConfig.deployDirectory Deployment of web application directory [/pti/apache-tomcat-9.0.5/webapps/docs] has finished in [15] ms
16-Feb-2020 12:33:51.008 INFO [main] org.apache.catalina.startup.HostConfig.deployDirectory Deploying web application directory [/pti/apache-tomcat-9.0.5/webapps/host-manager]
16-Feb-2020 12:33:51.035 INFO [main] org.apache.catalina.startup.HostConfig.deployDirectory Deployment of web application directory [/pti/apache-tomcat-9.0.5/webapps/host-manager] has finished in [27] ms
16-Feb-2020 12:33:51.036 INFO [main] org.apache.catalina.startup.HostConfig.deployDirectory Deploying web application directory [/pti/apache-tomcat-9.0.5/webapps/my_webapp]
16-Feb-2020 12:33:51.067 INFO [main] org.apache.catalina.startup.HostConfig.deployDirectory Deployment of web application directory [/pti/apache-tomcat-9.0.5/webapps/my_webapp] has finished in [31] ms
16-Feb-2020 12:33:51.067 INFO [main] org.apache.catalina.startup.HostConfig.deployDirectory Deploying web application directory [/pti/apache-tomcat-9.0.5/webapps/examples]
16-Feb-2020 12:33:51.291 INFO [main] org.apache.catalina.startup.HostConfig.deployDirectory Deployment of web application directory [/pti/apache-tomcat-9.0.5/webapps/examples] has finished in [223] ms
16-Feb-2020 12:33:51.291 INFO [main] org.apache.catalina.startup.HostConfig.deployDirectory Deploying web application directory [/pti/apache-tomcat-9.0.5/webapps/manager]
16-Feb-2020 12:33:51.313 INFO [main] org.apache.catalina.startup.HostConfig.deployDirectory Deployment of web application directory [/pti/apache-tomcat-9.0.5/webapps/manager] has finished in [22] ms
16-Feb-2020 12:33:51.316 INFO [main] org.apache.coyote.AbstractProtocol.start Starting ProtocolHandler ["http-nio-8080"]
16-Feb-2020 12:33:51.327 INFO [main] org.apache.coyote.AbstractProtocol.start Starting ProtocolHandler ["ajp-nio-8009"]
16-Feb-2020 12:33:51.338 INFO [main] org.apache.catalina.startup.Catalina.start Server startup in 715 ms
16-Feb-2020 12:42:21.545 INFO [ContainerBackgroundProcessor[StandardEngine[Catalina]]] org.apache.catalina.loader.WebappClassLoaderBase.modified One or more JARs have been added to the web application [/my_webapp]
16-Feb-2020 12:42:21.546 INFO [ContainerBackgroundProcessor[StandardEngine[Catalina]]] org.apache.catalina.core.StandardContext.reload Reloading Context with name [/my_webapp] has started
16-Feb-2020 12:42:21.594 INFO [ContainerBackgroundProcessor[StandardEngine[Catalina]]] org.apache.jasper.servlet.TldScanner.scanJars At least one JAR was scanned for TLDs yet contained no TLDs. Enable debug logging for this logger for a complete list of JARs that were scanned but no TLDs were found in them. Skipping unneeded JARs during scanning can improve startup time and JSP compilation time.
16-Feb-2020 12:42:21.596 INFO [ContainerBackgroundProcessor[StandardEngine[Catalina]]] org.apache.catalina.core.StandardContext.reload Reloading Context with name [/my_webapp] is completed
16-Feb-2020 12:43:31.625 INFO [ContainerBackgroundProcessor[StandardEngine[Catalina]]] org.apache.catalina.core.StandardContext.reload Reloading Context with name [/my_webapp] has started
16-Feb-2020 12:43:31.647 INFO [ContainerBackgroundProcessor[StandardEngine[Catalina]]] org.apache.jasper.servlet.TldScanner.scanJars At least one JAR was scanned for TLDs yet contained no TLDs. Enable debug logging for this logger for a complete list of JARs that were scanned but no TLDs were found in them. Skipping unneeded JARs during scanning can improve startup time and JSP compilation time.
16-Feb-2020 12:43:31.648 INFO [ContainerBackgroundProcessor[StandardEngine[Catalina]]] org.apache.catalina.core.StandardContext.reload Reloading Context with name [/my_webapp] is completed
16-Feb-2020 12:45:11.685 INFO [ContainerBackgroundProcessor[StandardEngine[Catalina]]] org.apache.catalina.startup.HostConfig.reload Reloading context [/my_webapp]
16-Feb-2020 12:45:11.686 INFO [ContainerBackgroundProcessor[StandardEngine[Catalina]]] org.apache.catalina.core.StandardContext.reload Reloading Context with name [/my_webapp] has started
16-Feb-2020 12:45:11.706 INFO [ContainerBackgroundProcessor[StandardEngine[Catalina]]] org.apache.jasper.servlet.TldScanner.scanJars At least one JAR was scanned for TLDs yet contained no TLDs. Enable debug logging for this logger for a complete list of JARs that were scanned but no TLDs were found in them. Skipping unneeded JARs during scanning can improve startup time and JSP compilation time.
16-Feb-2020 12:45:11.708 INFO [ContainerBackgroundProcessor[StandardEngine[Catalina]]] org.apache.catalina.core.StandardContext.reload Reloading Context with name [/my_webapp] is completed
16-Feb-2020 12:45:21.710 INFO [ContainerBackgroundProcessor[StandardEngine[Catalina]]] org.apache.catalina.startup.HostConfig.reload Reloading context [/my_webapp]
16-Feb-2020 12:45:21.710 INFO [ContainerBackgroundProcessor[StandardEngine[Catalina]]] org.apache.catalina.core.StandardContext.reload Reloading Context with name [/my_webapp] has started
16-Feb-2020 12:45:21.729 INFO [ContainerBackgroundProcessor[StandardEngine[Catalina]]] org.apache.jasper.servlet.TldScanner.scanJars At least one JAR was scanned for TLDs yet contained no TLDs. Enable debug logging for this logger for a complete list of JARs that were scanned but no TLDs were found in them. Skipping unneeded JARs during scanning can improve startup time and JSP compilation time.
16-Feb-2020 12:45:21.731 INFO [ContainerBackgroundProcessor[StandardEngine[Catalina]]] org.apache.catalina.core.StandardContext.reload Reloading Context with name [/my_webapp] is completed
16-Feb-2020 12:56:31.983 INFO [ContainerBackgroundProcessor[StandardEngine[Catalina]]] org.apache.catalina.core.StandardContext.reload Reloading Context with name [/my_webapp] has started
16-Feb-2020 12:56:32.005 INFO [ContainerBackgroundProcessor[StandardEngine[Catalina]]] org.apache.jasper.servlet.TldScanner.scanJars At least one JAR was scanned for TLDs yet contained no TLDs. Enable debug logging for this logger for a complete list of JARs that were scanned but no TLDs were found in them. Skipping unneeded JARs during scanning can improve startup time and JSP compilation time.
16-Feb-2020 12:56:32.006 INFO [ContainerBackgroundProcessor[StandardEngine[Catalina]]] org.apache.catalina.core.StandardContext.reload Reloading Context with name [/my_webapp] is completed
16-Feb-2020 13:05:52.195 INFO [ContainerBackgroundProcessor[StandardEngine[Catalina]]] org.apache.catalina.core.StandardContext.reload Reloading Context with name [/my_webapp] has started
16-Feb-2020 13:05:52.213 INFO [ContainerBackgroundProcessor[StandardEngine[Catalina]]] org.apache.jasper.servlet.TldScanner.scanJars At least one JAR was scanned for TLDs yet contained no TLDs. Enable debug logging for this logger for a complete list of JARs that were scanned but no TLDs were found in them. Skipping unneeded JARs during scanning can improve startup time and JSP compilation time.
16-Feb-2020 13:05:52.215 INFO [ContainerBackgroundProcessor[StandardEngine[Catalina]]] org.apache.catalina.core.StandardContext.reload Reloading Context with name [/my_webapp] is completed
16-Feb-2020 13:07:22.244 INFO [ContainerBackgroundProcessor[StandardEngine[Catalina]]] org.apache.catalina.core.StandardContext.reload Reloading Context with name [/my_webapp] has started
16-Feb-2020 13:07:22.264 INFO [ContainerBackgroundProcessor[StandardEngine[Catalina]]] org.apache.jasper.servlet.TldScanner.scanJars At least one JAR was scanned for TLDs yet contained no TLDs. Enable debug logging for this logger for a complete list of JARs that were scanned but no TLDs were found in them. Skipping unneeded JARs during scanning can improve startup time and JSP compilation time.
16-Feb-2020 13:07:22.265 INFO [ContainerBackgroundProcessor[StandardEngine[Catalina]]] org.apache.catalina.core.StandardContext.reload Reloading Context with name [/my_webapp] is completed
16-Feb-2020 13:08:22.289 INFO [ContainerBackgroundProcessor[StandardEngine[Catalina]]] org.apache.catalina.core.StandardContext.reload Reloading Context with name [/my_webapp] has started
16-Feb-2020 13:08:22.308 INFO [ContainerBackgroundProcessor[StandardEngine[Catalina]]] org.apache.jasper.servlet.TldScanner.scanJars At least one JAR was scanned for TLDs yet contained no TLDs. Enable debug logging for this logger for a complete list of JARs that were scanned but no TLDs were found in them. Skipping unneeded JARs during scanning can improve startup time and JSP compilation time.
16-Feb-2020 13:08:22.310 INFO [ContainerBackgroundProcessor[StandardEngine[Catalina]]] org.apache.catalina.core.StandardContext.reload Reloading Context with name [/my_webapp] is completed
16-Feb-2020 13:10:12.345 INFO [ContainerBackgroundProcessor[StandardEngine[Catalina]]] org.apache.catalina.core.StandardContext.reload Reloading Context with name [/my_webapp] has started
16-Feb-2020 13:10:12.375 INFO [ContainerBackgroundProcessor[StandardEngine[Catalina]]] org.apache.jasper.servlet.TldScanner.scanJars At least one JAR was scanned for TLDs yet contained no TLDs. Enable debug logging for this logger for a complete list of JARs that were scanned but no TLDs were found in them. Skipping unneeded JARs during scanning can improve startup time and JSP compilation time.
16-Feb-2020 13:10:12.376 INFO [ContainerBackgroundProcessor[StandardEngine[Catalina]]] org.apache.catalina.core.StandardContext.reload Reloading Context with name [/my_webapp] is completed
16-Feb-2020 13:21:32.614 INFO [ContainerBackgroundProcessor[StandardEngine[Catalina]]] org.apache.catalina.core.StandardContext.reload Reloading Context with name [/my_webapp] has started
16-Feb-2020 13:21:32.634 INFO [ContainerBackgroundProcessor[StandardEngine[Catalina]]] org.apache.jasper.servlet.TldScanner.scanJars At least one JAR was scanned for TLDs yet contained no TLDs. Enable debug logging for this logger for a complete list of JARs that were scanned but no TLDs were found in them. Skipping unneeded JARs during scanning can improve startup time and JSP compilation time.
16-Feb-2020 13:21:32.635 INFO [ContainerBackgroundProcessor[StandardEngine[Catalina]]] org.apache.catalina.core.StandardContext.reload Reloading Context with name [/my_webapp] is completed
16-Feb-2020 13:22:52.662 INFO [ContainerBackgroundProcessor[StandardEngine[Catalina]]] org.apache.catalina.core.StandardContext.reload Reloading Context with name [/my_webapp] has started
16-Feb-2020 13:22:52.683 INFO [ContainerBackgroundProcessor[StandardEngine[Catalina]]] org.apache.jasper.servlet.TldScanner.scanJars At least one JAR was scanned for TLDs yet contained no TLDs. Enable debug logging for this logger for a complete list of JARs that were scanned but no TLDs were found in them. Skipping unneeded JARs during scanning can improve startup time and JSP compilation time.
16-Feb-2020 13:22:52.684 INFO [ContainerBackgroundProcessor[StandardEngine[Catalina]]] org.apache.catalina.core.StandardContext.reload Reloading Context with name [/my_webapp] is completed
16-Feb-2020 13:23:42.700 INFO [ContainerBackgroundProcessor[StandardEngine[Catalina]]] org.apache.catalina.core.StandardContext.reload Reloading Context with name [/my_webapp] has started
16-Feb-2020 13:23:42.716 INFO [ContainerBackgroundProcessor[StandardEngine[Catalina]]] org.apache.jasper.servlet.TldScanner.scanJars At least one JAR was scanned for TLDs yet contained no TLDs. Enable debug logging for this logger for a complete list of JARs that were scanned but no TLDs were found in them. Skipping unneeded JARs during scanning can improve startup time and JSP compilation time.
16-Feb-2020 13:23:42.717 INFO [ContainerBackgroundProcessor[StandardEngine[Catalina]]] org.apache.catalina.core.StandardContext.reload Reloading Context with name [/my_webapp] is completed
