15-Feb-2020 14:21:59.392 INFO [main] org.apache.catalina.core.ApplicationContext.log ContextListener: contextInitialized()
15-Feb-2020 14:21:59.392 INFO [main] org.apache.catalina.core.ApplicationContext.log SessionListener: contextInitialized()
15-Feb-2020 14:21:59.393 INFO [main] org.apache.catalina.core.ApplicationContext.log ContextListener: attributeAdded('StockTicker', 'async.Stockticker@15c25153')
15-Feb-2020 14:38:53.147 INFO [main] org.apache.catalina.core.ApplicationContext.log ContextListener: contextInitialized()
15-Feb-2020 14:38:53.147 INFO [main] org.apache.catalina.core.ApplicationContext.log SessionListener: contextInitialized()
15-Feb-2020 14:38:53.148 INFO [main] org.apache.catalina.core.ApplicationContext.log ContextListener: attributeAdded('StockTicker', 'async.Stockticker@4c51bb7')
15-Feb-2020 14:38:53.176 INFO [main] org.apache.catalina.core.ApplicationContext.log SessionListener: contextDestroyed()
15-Feb-2020 14:38:53.176 INFO [main] org.apache.catalina.core.ApplicationContext.log ContextListener: contextDestroyed()
15-Feb-2020 14:39:05.283 INFO [main] org.apache.catalina.core.ApplicationContext.log ContextListener: contextInitialized()
15-Feb-2020 14:39:05.283 INFO [main] org.apache.catalina.core.ApplicationContext.log SessionListener: contextInitialized()
15-Feb-2020 14:39:05.284 INFO [main] org.apache.catalina.core.ApplicationContext.log ContextListener: attributeAdded('StockTicker', 'async.Stockticker@5b080f3a')
15-Feb-2020 14:39:05.315 INFO [main] org.apache.catalina.core.ApplicationContext.log SessionListener: contextDestroyed()
15-Feb-2020 14:39:05.315 INFO [main] org.apache.catalina.core.ApplicationContext.log ContextListener: contextDestroyed()
15-Feb-2020 14:39:27.591 INFO [main] org.apache.catalina.core.ApplicationContext.log SessionListener: contextDestroyed()
15-Feb-2020 14:39:27.591 INFO [main] org.apache.catalina.core.ApplicationContext.log ContextListener: contextDestroyed()
15-Feb-2020 14:39:29.819 INFO [main] org.apache.catalina.core.ApplicationContext.log ContextListener: contextInitialized()
15-Feb-2020 14:39:29.819 INFO [main] org.apache.catalina.core.ApplicationContext.log SessionListener: contextInitialized()
15-Feb-2020 14:39:29.820 INFO [main] org.apache.catalina.core.ApplicationContext.log ContextListener: attributeAdded('StockTicker', 'async.Stockticker@5ddabb18')
15-Feb-2020 14:41:44.368 INFO [main] org.apache.catalina.core.ApplicationContext.log SessionListener: contextDestroyed()
15-Feb-2020 14:41:44.368 INFO [main] org.apache.catalina.core.ApplicationContext.log ContextListener: contextDestroyed()
15-Feb-2020 14:41:56.068 INFO [main] org.apache.catalina.core.ApplicationContext.log ContextListener: contextInitialized()
15-Feb-2020 14:41:56.068 INFO [main] org.apache.catalina.core.ApplicationContext.log SessionListener: contextInitialized()
15-Feb-2020 14:41:56.069 INFO [main] org.apache.catalina.core.ApplicationContext.log ContextListener: attributeAdded('StockTicker', 'async.Stockticker@1c55f277')
15-Feb-2020 14:46:06.228 INFO [ContainerBackgroundProcessor[StandardEngine[Catalina]]] org.apache.catalina.core.ApplicationContext.log SessionListener: contextDestroyed()
15-Feb-2020 14:46:06.229 INFO [ContainerBackgroundProcessor[StandardEngine[Catalina]]] org.apache.catalina.core.ApplicationContext.log ContextListener: contextDestroyed()
15-Feb-2020 14:46:06.383 INFO [ContainerBackgroundProcessor[StandardEngine[Catalina]]] org.apache.catalina.core.ApplicationContext.log ContextListener: contextInitialized()
15-Feb-2020 14:46:06.383 INFO [ContainerBackgroundProcessor[StandardEngine[Catalina]]] org.apache.catalina.core.ApplicationContext.log SessionListener: contextInitialized()
15-Feb-2020 14:46:06.383 INFO [ContainerBackgroundProcessor[StandardEngine[Catalina]]] org.apache.catalina.core.ApplicationContext.log ContextListener: attributeAdded('StockTicker', 'async.Stockticker@6c0f3f52')
